<?xml version="1.0" encoding="UTF-8"?>
<!-- Generated by org.testng.reporters.JUnitReportReporter -->
<testsuite skipped="0" hostname="dell" name="com.qa.ORGHRM.PageTests.BaseTest" tests="1" failures="0" timestamp="2020-08-13T18:20:11 IST" time="16.475" errors="0">
  <testcase name="browserSetup" time="16.475" classname="com.qa.ORGHRM.PageTests.BaseTest"/>
  <system-out/>
</testsuite> <!-- com.qa.ORGHRM.PageTests.BaseTest -->
