<?xml version="1.0" encoding="UTF-8"?>
<!-- Generated by org.testng.reporters.JUnitReportReporter -->
<testsuite skipped="1" hostname="dell" name="com.qa.ORGHRM.PageTests.LoginTest" tests="3" failures="0" timestamp="2020-08-15T13:09:37 IST" time="16.507" errors="0">
  <testcase name="verifyInValidLoginTest" time="2.125" classname="com.qa.ORGHRM.PageTests.LoginTest"/>
  <system-out/>
  <testcase name="browserSetup" time="14.382" classname="com.qa.ORGHRM.PageTests.LoginTest"/>
  <system-out/>
  <testcase name="verifyValidLoginTest" classname="com.qa.ORGHRM.PageTests.LoginTest">
    <skipped/>
  </testcase> <!-- verifyValidLoginTest -->
  <system-out/>
</testsuite> <!-- com.qa.ORGHRM.PageTests.LoginTest -->
