<?xml version="1.0" encoding="UTF-8"?>
<!-- Generated by org.testng.reporters.JUnitReportReporter -->
<testsuite skipped="0" hostname="dell" name="EventHandling.WindowHandling" tests="1" failures="0" timestamp="2020-08-26T20:01:34 IST" time="44.334" errors="0">
  <testcase name="browserLaunch" time="44.334" classname="EventHandling.WindowHandling"/>
  <system-out/>
</testsuite> <!-- EventHandling.WindowHandling -->
